<html>
<head>
<title>TestNG:  Test two</title>
<link href="../testng.css" rel="stylesheet" type="text/css" />
<link href="../my-testng.css" rel="stylesheet" type="text/css" />

<style type="text/css">
.log { display: none;} 
.stack-trace { display: none;} 
</style>
<script type="text/javascript">
<!--
function flip(e) {
  current = e.style.display;
  if (current == 'block') {
    e.style.display = 'none';
    return 0;
  }
  else {
    e.style.display = 'block';
    return 1;
  }
}

function toggleBox(szDivId, elem, msg1, msg2)
{
  var res = -1;  if (document.getElementById) {
    res = flip(document.getElementById(szDivId));
  }
  else if (document.all) {
    // this is the way old msie versions work
    res = flip(document.all[szDivId]);
  }
  if(elem) {
    if(res == 0) elem.innerHTML = msg1; else elem.innerHTML = msg2;
  }

}

function toggleAllBoxes() {
  if (document.getElementsByTagName) {
    d = document.getElementsByTagName('div');
    for (i = 0; i < d.length; i++) {
      if (d[i].className == 'log') {
        flip(d[i]);
      }
    }
  }
}

// -->
</script>

</head>
<body>
<h2 align='center'>Test two</h2><table border='1' align="center">
<tr>
<td>Tests passed/Failed/Skipped:</td><td>12/0/0</td>
</tr><tr>
<td>Started on:</td><td>Fri Feb 25 23:43:25 EST 2022</td>
</tr>
<tr><td>Total time:</td><td>7 seconds (7369 ms)</td>
</tr><tr>
<td>Included groups:</td><td>smoke </td>
</tr><tr>
<td>Excluded groups:</td><td></td>
</tr>
</table><p/>
<small><i>(Hover the method name to see the test class name)</i></small><p/>
<table width='100%' border='1' class='invocation-failed'>
<tr><td colspan='4' align='center'><b>FAILED TESTS</b></td></tr>
<tr><td><b>Test method</b></td>
<td width="30%"><b>Exception</b></td>
<td width="10%"><b>Time (seconds)</b></td>
<td><b>Instance</b></td>
</tr>
<tr>
<td title='com.SalesForceLoginTests.NegativeLoginTest.getTitleTest()'><b>getTitleTest</b><br>Test class: com.SalesForceLoginTests.NegativeLoginTest</td>
<td><div><pre>java.lang.AssertionError: expected [Login | Salesforce] but found [Login | Salesforce1]
	at com.SalesForceLoginTests.NegativeLoginTest.getTitleTest(NegativeLoginTest.java:33)
	at java.base/java.util.ArrayList.forEach(ArrayList.java:1511)
... Removed 32 stack frames</pre></div><a href='#' onClick='toggleBox("stack-trace81505591", this, "Click to show all stack frames", "Click to hide stack frames")'>Click to show all stack frames</a>
<div class='stack-trace' id='stack-trace81505591'><pre>java.lang.AssertionError: expected [Login | Salesforce] but found [Login | Salesforce1]
	at org.testng.Assert.fail(Assert.java:97)
	at org.testng.Assert.assertEqualsImpl(Assert.java:136)
	at org.testng.Assert.assertEquals(Assert.java:118)
	at org.testng.Assert.assertEquals(Assert.java:575)
	at org.testng.Assert.assertEquals(Assert.java:585)
	at com.SalesForceLoginTests.NegativeLoginTest.getTitleTest(NegativeLoginTest.java:33)
	at java.base/jdk.internal.reflect.NativeMethodAccessorImpl.invoke0(Native Method)
	at java.base/jdk.internal.reflect.NativeMethodAccessorImpl.invoke(NativeMethodAccessorImpl.java:77)
	at java.base/jdk.internal.reflect.DelegatingMethodAccessorImpl.invoke(DelegatingMethodAccessorImpl.java:43)
	at java.base/java.lang.reflect.Method.invoke(Method.java:568)
	at org.testng.internal.MethodInvocationHelper.invokeMethod(MethodInvocationHelper.java:133)
	at org.testng.internal.TestInvoker.invokeMethod(TestInvoker.java:584)
	at org.testng.internal.TestInvoker.invokeTestMethod(TestInvoker.java:172)
	at org.testng.internal.MethodRunner.runInSequence(MethodRunner.java:46)
	at org.testng.internal.TestInvoker$MethodInvocationAgent.invoke(TestInvoker.java:804)
	at org.testng.internal.TestInvoker.invokeTestMethods(TestInvoker.java:145)
	at org.testng.internal.TestMethodWorker.invokeTestMethods(TestMethodWorker.java:146)
	at org.testng.internal.TestMethodWorker.run(TestMethodWorker.java:128)
	at java.base/java.util.ArrayList.forEach(ArrayList.java:1511)
	at org.testng.TestRunner.privateRun(TestRunner.java:770)
	at org.testng.TestRunner.run(TestRunner.java:591)
	at org.testng.SuiteRunner.runTest(SuiteRunner.java:402)
	at org.testng.SuiteRunner.runSequentially(SuiteRunner.java:396)
	at org.testng.SuiteRunner.privateRun(SuiteRunner.java:355)
	at org.testng.SuiteRunner.run(SuiteRunner.java:304)
	at org.testng.SuiteRunnerWorker.runSuite(SuiteRunnerWorker.java:53)
	at org.testng.SuiteRunnerWorker.run(SuiteRunnerWorker.java:96)
	at org.testng.TestNG.runSuitesSequentially(TestNG.java:1180)
	at org.testng.TestNG.runSuitesLocally(TestNG.java:1102)
	at org.testng.TestNG.runSuites(TestNG.java:1032)
	at org.testng.TestNG.run(TestNG.java:1000)
	at org.testng.remote.AbstractRemoteTestNG.run(AbstractRemoteTestNG.java:115)
	at org.testng.remote.RemoteTestNG.initAndRun(RemoteTestNG.java:251)
	at org.testng.remote.RemoteTestNG.main(RemoteTestNG.java:77)
</pre></div></td>
<td>0</td>
<td>com.SalesForceLoginTests.NegativeLoginTest@703580bf</td></tr>
</table><p>
<table width='100%' border='1' class='invocation-passed'>
<tr><td colspan='4' align='center'><b>PASSED TESTS</b></td></tr>
<tr><td><b>Test method</b></td>
<td width="30%"><b>Exception</b></td>
<td width="10%"><b>Time (seconds)</b></td>
<td><b>Instance</b></td>
</tr>
<tr>
<td title='com.SalesForceRegistrationTest.RegistrationTest.chooseCountryDropDpwn()'><b>chooseCountryDropDpwn</b><br>Test class: com.SalesForceRegistrationTest.RegistrationTest</td>
<td></td>
<td>0</td>
<td>com.SalesForceRegistrationTest.RegistrationTest@68999068</td></tr>
<tr>
<td title='com.SalesForceRegistrationTest.RegistrationTest.chooseEmployeeDropDown()'><b>chooseEmployeeDropDown</b><br>Test class: com.SalesForceRegistrationTest.RegistrationTest</td>
<td></td>
<td>0</td>
<td>com.SalesForceRegistrationTest.RegistrationTest@68999068</td></tr>
<tr>
<td title='com.SalesForceRegistrationTest.RegistrationTest.companyAgreement()'><b>companyAgreement</b><br>Test class: com.SalesForceRegistrationTest.RegistrationTest</td>
<td></td>
<td>0</td>
<td>com.SalesForceRegistrationTest.RegistrationTest@68999068</td></tr>
<tr>
<td title='com.SalesForceRegistrationTest.RegistrationTest.companyCountryDropDpwn()'><b>companyCountryDropDpwn</b><br>Test class: com.SalesForceRegistrationTest.RegistrationTest</td>
<td></td>
<td>0</td>
<td>com.SalesForceRegistrationTest.RegistrationTest@68999068</td></tr>
<tr>
<td title='com.SalesForceRegistrationTest.RegistrationTest.companyEmployeeDropDown()'><b>companyEmployeeDropDown</b><br>Test class: com.SalesForceRegistrationTest.RegistrationTest</td>
<td></td>
<td>0</td>
<td>com.SalesForceRegistrationTest.RegistrationTest@68999068</td></tr>
<tr>
<td title='com.SalesForceRegistrationTest.RegistrationTest.companyName()'><b>companyName</b><br>Test class: com.SalesForceRegistrationTest.RegistrationTest</td>
<td></td>
<td>0</td>
<td>com.SalesForceRegistrationTest.RegistrationTest@68999068</td></tr>
<tr>
<td title='com.SalesForceRegistrationTest.RegistrationTest.employeeEmail()'><b>employeeEmail</b><br>Test class: com.SalesForceRegistrationTest.RegistrationTest</td>
<td></td>
<td>0</td>
<td>com.SalesForceRegistrationTest.RegistrationTest@68999068</td></tr>
<tr>
<td title='com.SalesForceRegistrationTest.RegistrationTest.firstName()'><b>firstName</b><br>Test class: com.SalesForceRegistrationTest.RegistrationTest</td>
<td></td>
<td>1</td>
<td>com.SalesForceRegistrationTest.RegistrationTest@68999068</td></tr>
<tr>
<td title='com.SalesForceRegistrationTest.RegistrationTest.jobName()'><b>jobName</b><br>Test class: com.SalesForceRegistrationTest.RegistrationTest</td>
<td></td>
<td>0</td>
<td>com.SalesForceRegistrationTest.RegistrationTest@68999068</td></tr>
<tr>
<td title='com.SalesForceRegistrationTest.RegistrationTest.lastName()'><b>lastName</b><br>Test class: com.SalesForceRegistrationTest.RegistrationTest</td>
<td></td>
<td>0</td>
<td>com.SalesForceRegistrationTest.RegistrationTest@68999068</td></tr>
<tr>
<td title='com.SalesForce.DummyClass.loginTest()'><b>loginTest</b><br>Test class: com.SalesForce.DummyClass</td>
<td></td>
<td>0</td>
<td>com.SalesForce.DummyClass@41e36e46</td></tr>
<tr>
<td title='com.SalesForceLoginTests.NegativeLoginTest.passwordButton()'><b>passwordButton</b><br>Test class: com.SalesForceLoginTests.NegativeLoginTest</td>
<td></td>
<td>0</td>
<td>com.SalesForceLoginTests.NegativeLoginTest@703580bf</td></tr>
<tr>
<td title='com.SalesForceRegistrationTest.RegistrationTest.phoneNumber()'><b>phoneNumber</b><br>Test class: com.SalesForceRegistrationTest.RegistrationTest</td>
<td></td>
<td>0</td>
<td>com.SalesForceRegistrationTest.RegistrationTest@68999068</td></tr>
<tr>
<td title='com.SalesForceLoginTests.NegativeLoginTest.signinButton()'><b>signinButton</b><br>Test class: com.SalesForceLoginTests.NegativeLoginTest</td>
<td></td>
<td>0</td>
<td>com.SalesForceLoginTests.NegativeLoginTest@703580bf</td></tr>
<tr>
<td title='com.SalesForceRegistrationTest.RegistrationTest.tryFreeButton()'><b>tryFreeButton</b><br>Test class: com.SalesForceRegistrationTest.RegistrationTest</td>
<td></td>
<td>0</td>
<td>com.SalesForceRegistrationTest.RegistrationTest@68999068</td></tr>
<tr>
<td title='com.SalesForceLoginTests.NegativeLoginTest.userNameButton()'><b>userNameButton</b><br>Test class: com.SalesForceLoginTests.NegativeLoginTest</td>
<td></td>
<td>0</td>
<td>com.SalesForceLoginTests.NegativeLoginTest@703580bf</td></tr>
</table><p>
<table width='100%' border='1' class='invocation-skipped'>
<tr><td colspan='4' align='center'><b>SKIPPED TESTS</b></td></tr>
<tr><td><b>Test method</b></td>
<td width="30%"><b>Exception</b></td>
<td width="10%"><b>Time (seconds)</b></td>
<td><b>Instance</b></td>
</tr>
<tr>
<td title='com.SalesForceLoginTests.NegativeLoginTest.homePage()'><b>homePage</b><br>Test class: com.SalesForceLoginTests.NegativeLoginTest</td>
<td><div><pre>java.lang.Throwable: Method NegativeLoginTest.homePage()[pri:5, instance:com.SalesForceLoginTests.NegativeLoginTest@703580bf] depends on not successfully finished methods
	at java.base/java.util.ArrayList.forEach(ArrayList.java:1511)
... Removed 18 stack frames</pre></div><a href='#' onClick='toggleBox("stack-trace1429462130", this, "Click to show all stack frames", "Click to hide stack frames")'>Click to show all stack frames</a>
<div class='stack-trace' id='stack-trace1429462130'><pre>java.lang.Throwable: Method NegativeLoginTest.homePage()[pri:5, instance:com.SalesForceLoginTests.NegativeLoginTest@703580bf] depends on not successfully finished methods
	at org.testng.internal.TestInvoker.invokeTestMethods(TestInvoker.java:99)
	at org.testng.internal.TestMethodWorker.invokeTestMethods(TestMethodWorker.java:146)
	at org.testng.internal.TestMethodWorker.run(TestMethodWorker.java:128)
	at java.base/java.util.ArrayList.forEach(ArrayList.java:1511)
	at org.testng.TestRunner.privateRun(TestRunner.java:770)
	at org.testng.TestRunner.run(TestRunner.java:591)
	at org.testng.SuiteRunner.runTest(SuiteRunner.java:402)
	at org.testng.SuiteRunner.runSequentially(SuiteRunner.java:396)
	at org.testng.SuiteRunner.privateRun(SuiteRunner.java:355)
	at org.testng.SuiteRunner.run(SuiteRunner.java:304)
	at org.testng.SuiteRunnerWorker.runSuite(SuiteRunnerWorker.java:53)
	at org.testng.SuiteRunnerWorker.run(SuiteRunnerWorker.java:96)
	at org.testng.TestNG.runSuitesSequentially(TestNG.java:1180)
	at org.testng.TestNG.runSuitesLocally(TestNG.java:1102)
	at org.testng.TestNG.runSuites(TestNG.java:1032)
	at org.testng.TestNG.run(TestNG.java:1000)
	at org.testng.remote.AbstractRemoteTestNG.run(AbstractRemoteTestNG.java:115)
	at org.testng.remote.RemoteTestNG.initAndRun(RemoteTestNG.java:251)
	at org.testng.remote.RemoteTestNG.main(RemoteTestNG.java:77)
</pre></div></td>
<td>0</td>
<td>com.SalesForceLoginTests.NegativeLoginTest@703580bf</td></tr>
</table><p>
</body>
</html>